Watching for file changes with StatReloader
[28/Oct/2025 08:36:34] "GET / HTTP/1.1" 200 1817
[28/Oct/2025 08:36:34] "GET / HTTP/1.1" 200 1817
/home/shelby70/Projects/Django-SAML (2)/SAML_DJNAGO_2/django_saml_Auth/views.py changed, reloading.
Performing system checks...

System check identified no issues (0 silenced).
October 28, 2025 - 08:36:09
Django version 5.1.2, using settings 'settings'
Starting development server at http://127.0.0.1:8002/
Quit the server with CONTROL-C.

Watching for file changes with StatReloader
/home/shelby70/Projects/Django-SAML (2)/SAML_DJNAGO_2/django_saml_Auth/views.py changed, reloading.
Performing system checks...

System check identified no issues (0 silenced).
October 28, 2025 - 08:47:43
Django version 5.1.2, using settings 'settings'
Starting development server at http://127.0.0.1:8002/
Quit the server with CONTROL-C.

Watching for file changes with StatReloader
/home/shelby70/Projects/Django-SAML (2)/SAML_DJNAGO_2/settings.py changed, reloading.
Performing system checks...

System check identified no issues (0 silenced).
October 28, 2025 - 08:49:54
Django version 5.1.2, using settings 'settings'
Starting development server at http://127.0.0.1:8002/
Quit the server with CONTROL-C.

Watching for file changes with StatReloader
/home/shelby70/Projects/Django-SAML (2)/SAML_DJNAGO_2/settings.py changed, reloading.
Performing system checks...

System check identified no issues (0 silenced).
October 28, 2025 - 08:57:18
Django version 5.1.2, using settings 'settings'
Starting development server at http://127.0.0.1:8002/
Quit the server with CONTROL-C.

Watching for file changes with StatReloader
[28/Oct/2025 09:07:22] "GET / HTTP/1.1" 200 1817
[28/Oct/2025 09:07:22] "GET /static/js/main.js HTTP/1.1" 404 1844
[28/Oct/2025 09:07:22] "GET /static/css/style.css HTTP/1.1" 200 6616
Not Found: /favicon.ico
[28/Oct/2025 09:07:22] "GET /favicon.ico HTTP/1.1" 404 2509
[28/Oct/2025 09:07:24] "GET /api/saml/login/ HTTP/1.1" 302 0
[28/Oct/2025 09:07:24] "POST /api/saml/callback/ HTTP/1.1" 200 9704
[28/Oct/2025 09:07:25] "GET /static/js/main.js HTTP/1.1" 404 1844
Not Found: /favicon.ico
[28/Oct/2025 09:07:25] "GET /favicon.ico HTTP/1.1" 404 2509
/home/shelby70/Projects/Django-SAML (2)/SAML_DJNAGO_2/django_saml_Auth/views.py changed, reloading.
Performing system checks...

System check identified no issues (0 silenced).
October 28, 2025 - 08:58:18
Django version 5.1.2, using settings 'settings'
Starting development server at http://127.0.0.1:8002/
Quit the server with CONTROL-C.

Signature validation failed. SAML Response rejected
Watching for file changes with StatReloader
Performing system checks...

System check identified no issues (0 silenced).
October 28, 2025 - 09:17:32
Django version 5.1.2, using settings 'settings'
Starting development server at http://127.0.0.1:8002/
Quit the server with CONTROL-C.

